\BOOKMARK [0][-]{chapter*.1}{Abstract}{}% 1
\BOOKMARK [0][-]{section*.2}{Contents}{}% 2
\BOOKMARK [0][-]{section*.3}{List of Figures}{}% 3
\BOOKMARK [0][-]{section*.4}{List of Tables}{}% 4
\BOOKMARK [0][-]{chapter.1}{Introduction}{}% 5
\BOOKMARK [1][-]{section.1.1}{Presentation}{chapter.1}% 6
\BOOKMARK [1][-]{section.1.2}{Objectives}{chapter.1}% 7
\BOOKMARK [2][-]{subsection.1.2.1}{General objective}{section.1.2}% 8
\BOOKMARK [2][-]{subsection.1.2.2}{Particular objective}{section.1.2}% 9
\BOOKMARK [1][-]{section.1.3}{Justification}{chapter.1}% 10
\BOOKMARK [1][-]{section.1.4}{Limitations and project scope}{chapter.1}% 11
\BOOKMARK [1][-]{section.1.5}{Research Problem}{chapter.1}% 12
\BOOKMARK [1][-]{section.1.6}{Hypothesis}{chapter.1}% 13
\BOOKMARK [1][-]{section.1.7}{Project organization}{chapter.1}% 14
\BOOKMARK [0][-]{chapter.2}{Theory and conceptual framework}{}% 15
\BOOKMARK [1][-]{section.2.1}{Preliminaries}{chapter.2}% 16
\BOOKMARK [1][-]{section.2.2}{Graphs and Laplacian Matrices}{chapter.2}% 17
\BOOKMARK [2][-]{subsection.2.2.1}{The Unnormalized Laplacian}{section.2.2}% 18
\BOOKMARK [2][-]{subsection.2.2.2}{Normalized Laplacians}{section.2.2}% 19
\BOOKMARK [2][-]{subsection.2.2.3}{The graph partitioning problem}{section.2.2}% 20
\BOOKMARK [2][-]{subsection.2.2.4}{Spectral partitioning and Normalized Cut}{section.2.2}% 21
\BOOKMARK [1][-]{section.2.3}{Literature review}{chapter.2}% 22
\BOOKMARK [2][-]{subsection.2.3.1}{Generalizable Approximate Graph Partitioning \(GAP\) Framework}{section.2.3}% 23
\BOOKMARK [0][-]{chapter.3}{Graph Partitioning for Large Graphs}{}% 24
\BOOKMARK [1][-]{section.3.1}{Node Embeddings}{chapter.3}% 25
\BOOKMARK [2][-]{subsection.3.1.1}{Graph Convolutional Networks}{section.3.1}% 26
\BOOKMARK [2][-]{subsection.3.1.2}{GraphSAGE}{section.3.1}% 27
\BOOKMARK [1][-]{section.3.2}{Node Features}{chapter.3}% 28
\BOOKMARK [2][-]{subsection.3.2.1}{PinSAGE and Markov Chain Negative Sampling \(MCNS\)}{section.3.2}% 29
\BOOKMARK [0][-]{chapter.4}{Experimental Results}{}% 30
\BOOKMARK [0][-]{chapter.5}{Conclusion}{}% 31
\BOOKMARK [1][-]{section.5.1}{Contributions}{chapter.5}% 32
\BOOKMARK [1][-]{section.5.2}{Recommendations and future work}{chapter.5}% 33
\BOOKMARK [0][-]{chapter*.5}{Bibliography}{}% 34
